2022-11-18 17:34:59 0 [Note] InnoDB: The first innodb_system data file 'ibdata1' did not exist. A new tablespace will be created!
2022-11-18 17:34:59 0 [Note] InnoDB: Mutexes and rw_locks use Windows interlocked functions
2022-11-18 17:34:59 0 [Note] InnoDB: Uses event mutexes
2022-11-18 17:34:59 0 [Note] InnoDB: Compressed tables use zlib 1.2.11
2022-11-18 17:34:59 0 [Note] InnoDB: Number of pools: 1
2022-11-18 17:34:59 0 [Note] InnoDB: Using SSE2 crc32 instructions
2022-11-18 17:34:59 0 [Note] InnoDB: Initializing buffer pool, total size = 16M, instances = 1, chunk size = 16M
2022-11-18 17:34:59 0 [Note] InnoDB: Completed initialization of buffer pool
2022-11-18 17:34:59 0 [Note] InnoDB: Setting file 'C:\Users\theja\OneDrive\Desktop\seniorproject\database\ibdata1' size to 10 MB. Physically writing the file full; Please wait ...
2022-11-18 17:34:59 0 [Note] InnoDB: File 'C:\Users\theja\OneDrive\Desktop\seniorproject\database\ibdata1' size is now 10 MB.
2022-11-18 17:34:59 0 [Note] InnoDB: Setting log file C:\xampp\mysql\data\ib_logfile101 size to 5242880 bytes
2022-11-18 17:34:59 0 [Note] InnoDB: Setting log file C:\xampp\mysql\data\ib_logfile1 size to 5242880 bytes
2022-11-18 17:34:59 0 [Note] InnoDB: Renaming log file C:\xampp\mysql\data\ib_logfile101 to C:\xampp\mysql\data\ib_logfile0
2022-11-18 17:34:59 0 [Note] InnoDB: New log files created, LSN=11451
2022-11-18 17:34:59 0 [Note] InnoDB: Doublewrite buffer not found: creating new
2022-11-18 17:34:59 0 [Note] InnoDB: Doublewrite buffer created
2022-11-18 17:34:59 0 [Note] InnoDB: 128 out of 128 rollback segments are active.
2022-11-18 17:34:59 0 [Note] InnoDB: Creating foreign key constraint system tables.
2022-11-18 17:34:59 0 [Note] InnoDB: Creating tablespace and datafile system tables.
2022-11-18 17:34:59 0 [Note] InnoDB: Creating sys_virtual system tables.
2022-11-18 17:34:59 0 [Note] InnoDB: Creating shared tablespace for temporary tables
2022-11-18 17:34:59 0 [Note] InnoDB: Setting file 'C:\Users\theja\OneDrive\Desktop\seniorproject\database\ibtmp1' size to 12 MB. Physically writing the file full; Please wait ...
2022-11-18 17:34:59 0 [Note] InnoDB: File 'C:\Users\theja\OneDrive\Desktop\seniorproject\database\ibtmp1' size is now 12 MB.
2022-11-18 17:34:59 0 [Note] InnoDB: Waiting for purge to start
2022-11-18 17:35:00 0 [Note] InnoDB: 10.4.22 started; log sequence number 0; transaction id 7
2022-11-18 17:35:00 0 [Note] Plugin 'FEEDBACK' is disabled.
2022-11-18 17:35:00 0 [Note] Zerofilling moved table:  '.\mysql\plugin'
2022-11-18 17:35:00 0 [Note] Zerofilling moved table:  '.\mysql\servers'
2022-11-18 17:35:00 0 [Note] Server socket created on IP: '::'.
2022-11-18 17:40:31 0 [Note] InnoDB: Mutexes and rw_locks use Windows interlocked functions
2022-11-18 17:40:31 0 [Note] InnoDB: Uses event mutexes
2022-11-18 17:40:31 0 [Note] InnoDB: Compressed tables use zlib 1.2.11
2022-11-18 17:40:31 0 [Note] InnoDB: Number of pools: 1
2022-11-18 17:40:31 0 [Note] InnoDB: Using SSE2 crc32 instructions
2022-11-18 17:40:31 0 [Note] InnoDB: Initializing buffer pool, total size = 16M, instances = 1, chunk size = 16M
2022-11-18 17:40:31 0 [Note] InnoDB: Completed initialization of buffer pool
2022-11-18 17:40:31 0 [ERROR] InnoDB: Cannot create log files because data files are corrupt or the database was not shut down cleanly after creating the data files.
2022-11-18 17:40:31 0 [ERROR] InnoDB: Plugin initialization aborted with error Generic error
2022-11-18 17:40:31 0 [Note] InnoDB: Starting shutdown...
2022-11-18 17:40:31 0 [ERROR] Plugin 'InnoDB' init function returned error.
2022-11-18 17:40:31 0 [ERROR] Plugin 'InnoDB' registration as a STORAGE ENGINE failed.
2022-11-18 17:40:31 0 [Note] Plugin 'FEEDBACK' is disabled.
2022-11-18 17:40:31 0 [ERROR] Unknown/unsupported storage engine: InnoDB
2022-11-18 17:40:31 0 [ERROR] Aborting
2022-11-18 17:41:09 0 [Note] InnoDB: Mutexes and rw_locks use Windows interlocked functions
2022-11-18 17:41:09 0 [Note] InnoDB: Uses event mutexes
2022-11-18 17:41:09 0 [Note] InnoDB: Compressed tables use zlib 1.2.11
2022-11-18 17:41:09 0 [Note] InnoDB: Number of pools: 1
2022-11-18 17:41:09 0 [Note] InnoDB: Using SSE2 crc32 instructions
2022-11-18 17:41:09 0 [Note] InnoDB: Initializing buffer pool, total size = 16M, instances = 1, chunk size = 16M
2022-11-18 17:41:09 0 [Note] InnoDB: Completed initialization of buffer pool
2022-11-18 17:41:09 0 [ERROR] InnoDB: Cannot create log files because data files are corrupt or the database was not shut down cleanly after creating the data files.
2022-11-18 17:41:09 0 [ERROR] InnoDB: Plugin initialization aborted with error Generic error
2022-11-18 17:41:10 0 [Note] InnoDB: Starting shutdown...
2022-11-18 17:41:10 0 [ERROR] Plugin 'InnoDB' init function returned error.
2022-11-18 17:41:10 0 [ERROR] Plugin 'InnoDB' registration as a STORAGE ENGINE failed.
2022-11-18 17:41:10 0 [Note] Plugin 'FEEDBACK' is disabled.
2022-11-18 17:41:10 0 [ERROR] Unknown/unsupported storage engine: InnoDB
2022-11-18 17:41:10 0 [ERROR] Aborting
2022-11-18 17:41:16 0 [Note] InnoDB: Mutexes and rw_locks use Windows interlocked functions
2022-11-18 17:41:16 0 [Note] InnoDB: Uses event mutexes
2022-11-18 17:41:16 0 [Note] InnoDB: Compressed tables use zlib 1.2.11
2022-11-18 17:41:16 0 [Note] InnoDB: Number of pools: 1
2022-11-18 17:41:16 0 [Note] InnoDB: Using SSE2 crc32 instructions
2022-11-18 17:41:16 0 [Note] InnoDB: Initializing buffer pool, total size = 16M, instances = 1, chunk size = 16M
2022-11-18 17:41:16 0 [Note] InnoDB: Completed initialization of buffer pool
2022-11-18 17:41:16 0 [ERROR] InnoDB: Cannot create log files because data files are corrupt or the database was not shut down cleanly after creating the data files.
2022-11-18 17:41:16 0 [ERROR] InnoDB: Plugin initialization aborted with error Generic error
2022-11-18 17:41:17 0 [Note] InnoDB: Starting shutdown...
2022-11-18 17:41:17 0 [ERROR] Plugin 'InnoDB' init function returned error.
2022-11-18 17:41:17 0 [ERROR] Plugin 'InnoDB' registration as a STORAGE ENGINE failed.
2022-11-18 17:41:17 0 [Note] Plugin 'FEEDBACK' is disabled.
2022-11-18 17:41:17 0 [ERROR] Unknown/unsupported storage engine: InnoDB
2022-11-18 17:41:17 0 [ERROR] Aborting
2022-11-18 17:41:26 0 [Note] InnoDB: Mutexes and rw_locks use Windows interlocked functions
2022-11-18 17:41:26 0 [Note] InnoDB: Uses event mutexes
2022-11-18 17:41:26 0 [Note] InnoDB: Compressed tables use zlib 1.2.11
2022-11-18 17:41:26 0 [Note] InnoDB: Number of pools: 1
2022-11-18 17:41:26 0 [Note] InnoDB: Using SSE2 crc32 instructions
2022-11-18 17:41:26 0 [Note] InnoDB: Initializing buffer pool, total size = 16M, instances = 1, chunk size = 16M
2022-11-18 17:41:26 0 [Note] InnoDB: Completed initialization of buffer pool
2022-11-18 17:41:26 0 [ERROR] InnoDB: Cannot create log files because data files are corrupt or the database was not shut down cleanly after creating the data files.
2022-11-18 17:41:26 0 [ERROR] InnoDB: Plugin initialization aborted with error Generic error
2022-11-18 17:41:26 0 [Note] InnoDB: Starting shutdown...
2022-11-18 17:41:26 0 [ERROR] Plugin 'InnoDB' init function returned error.
2022-11-18 17:41:26 0 [ERROR] Plugin 'InnoDB' registration as a STORAGE ENGINE failed.
2022-11-18 17:41:26 0 [Note] Plugin 'FEEDBACK' is disabled.
2022-11-18 17:41:26 0 [ERROR] Unknown/unsupported storage engine: InnoDB
2022-11-18 17:41:26 0 [ERROR] Aborting
2022-11-18 17:42:29 0 [Note] InnoDB: Mutexes and rw_locks use Windows interlocked functions
2022-11-18 17:42:29 0 [Note] InnoDB: Uses event mutexes
2022-11-18 17:42:29 0 [Note] InnoDB: Compressed tables use zlib 1.2.11
2022-11-18 17:42:29 0 [Note] InnoDB: Number of pools: 1
2022-11-18 17:42:29 0 [Note] InnoDB: Using SSE2 crc32 instructions
2022-11-18 17:42:29 0 [Note] InnoDB: Initializing buffer pool, total size = 16M, instances = 1, chunk size = 16M
2022-11-18 17:42:29 0 [Note] InnoDB: Completed initialization of buffer pool
2022-11-18 17:42:29 0 [Note] InnoDB: Starting crash recovery from checkpoint LSN=49226
2022-11-18 17:42:29 0 [Note] InnoDB: 128 out of 128 rollback segments are active.
2022-11-18 17:42:29 0 [Note] InnoDB: Removed temporary tablespace data file: "ibtmp1"
2022-11-18 17:42:29 0 [Note] InnoDB: Creating shared tablespace for temporary tables
2022-11-18 17:42:29 0 [Note] InnoDB: Setting file 'C:\Users\theja\OneDrive\Desktop\seniorproject\database\ibtmp1' size to 12 MB. Physically writing the file full; Please wait ...
2022-11-18 17:42:29 0 [Note] InnoDB: File 'C:\Users\theja\OneDrive\Desktop\seniorproject\database\ibtmp1' size is now 12 MB.
2022-11-18 17:42:29 0 [Note] InnoDB: Waiting for purge to start
2022-11-18 17:42:29 0 [Note] InnoDB: 10.4.22 started; log sequence number 49235; transaction id 10
2022-11-18 17:42:29 0 [Note] InnoDB: Loading buffer pool(s) from C:\Users\theja\OneDrive\Desktop\seniorproject\database\ib_buffer_pool
2022-11-18 17:42:29 0 [Note] Plugin 'FEEDBACK' is disabled.
2022-11-18 17:42:29 0 [Note] InnoDB: Cannot open 'C:\Users\theja\OneDrive\Desktop\seniorproject\database\ib_buffer_pool' for reading: No such file or directory
2022-11-18 17:42:29 0 [Note] Server socket created on IP: '::'.
2022-11-18 17:44:44 0 [Note] InnoDB: Mutexes and rw_locks use Windows interlocked functions
2022-11-18 17:44:44 0 [Note] InnoDB: Uses event mutexes
2022-11-18 17:44:44 0 [Note] InnoDB: Compressed tables use zlib 1.2.11
2022-11-18 17:44:44 0 [Note] InnoDB: Number of pools: 1
2022-11-18 17:44:44 0 [Note] InnoDB: Using SSE2 crc32 instructions
2022-11-18 17:44:44 0 [Note] InnoDB: Initializing buffer pool, total size = 16M, instances = 1, chunk size = 16M
2022-11-18 17:44:44 0 [Note] InnoDB: Completed initialization of buffer pool
2022-11-18 17:44:44 0 [ERROR] InnoDB: Cannot create log files because data files are corrupt or the database was not shut down cleanly after creating the data files.
2022-11-18 17:44:44 0 [ERROR] InnoDB: Plugin initialization aborted with error Generic error
2022-11-18 17:44:45 0 [Note] InnoDB: Starting shutdown...
2022-11-18 17:44:45 0 [ERROR] Plugin 'InnoDB' init function returned error.
2022-11-18 17:44:45 0 [ERROR] Plugin 'InnoDB' registration as a STORAGE ENGINE failed.
2022-11-18 17:44:45 0 [Note] Plugin 'FEEDBACK' is disabled.
2022-11-18 17:44:45 0 [ERROR] Unknown/unsupported storage engine: InnoDB
2022-11-18 17:44:45 0 [ERROR] Aborting
2022-11-18 17:45:11 0 [Note] InnoDB: Mutexes and rw_locks use Windows interlocked functions
2022-11-18 17:45:11 0 [Note] InnoDB: Uses event mutexes
2022-11-18 17:45:11 0 [Note] InnoDB: Compressed tables use zlib 1.2.11
2022-11-18 17:45:11 0 [Note] InnoDB: Number of pools: 1
2022-11-18 17:45:11 0 [Note] InnoDB: Using SSE2 crc32 instructions
2022-11-18 17:45:11 0 [Note] InnoDB: Initializing buffer pool, total size = 16M, instances = 1, chunk size = 16M
2022-11-18 17:45:11 0 [Note] InnoDB: Completed initialization of buffer pool
2022-11-18 17:45:11 0 [Note] InnoDB: Starting crash recovery from checkpoint LSN=49244
2022-11-18 17:45:11 0 [Note] InnoDB: 128 out of 128 rollback segments are active.
2022-11-18 17:45:11 0 [Note] InnoDB: Removed temporary tablespace data file: "ibtmp1"
2022-11-18 17:45:11 0 [Note] InnoDB: Creating shared tablespace for temporary tables
2022-11-18 17:45:11 0 [Note] InnoDB: Setting file 'C:\Users\theja\OneDrive\Desktop\seniorproject\database\ibtmp1' size to 12 MB. Physically writing the file full; Please wait ...
2022-11-18 17:45:11 0 [Note] InnoDB: File 'C:\Users\theja\OneDrive\Desktop\seniorproject\database\ibtmp1' size is now 12 MB.
2022-11-18 17:45:11 0 [Note] InnoDB: Waiting for purge to start
2022-11-18 17:45:11 0 [Note] InnoDB: 10.4.22 started; log sequence number 49253; transaction id 10
2022-11-18 17:45:11 0 [Note] InnoDB: Loading buffer pool(s) from C:\Users\theja\OneDrive\Desktop\seniorproject\database\ib_buffer_pool
2022-11-18 17:45:11 0 [Note] Plugin 'FEEDBACK' is disabled.
2022-11-18 17:45:11 0 [Note] InnoDB: Cannot open 'C:\Users\theja\OneDrive\Desktop\seniorproject\database\ib_buffer_pool' for reading: No such file or directory
2022-11-18 17:45:11 0 [Note] Server socket created on IP: '::'.
2022-11-18 17:56:48 0 [Note] InnoDB: Mutexes and rw_locks use Windows interlocked functions
2022-11-18 17:56:48 0 [Note] InnoDB: Uses event mutexes
2022-11-18 17:56:48 0 [Note] InnoDB: Compressed tables use zlib 1.2.11
2022-11-18 17:56:48 0 [Note] InnoDB: Number of pools: 1
2022-11-18 17:56:48 0 [Note] InnoDB: Using SSE2 crc32 instructions
2022-11-18 17:56:48 0 [Note] InnoDB: Initializing buffer pool, total size = 16M, instances = 1, chunk size = 16M
2022-11-18 17:56:48 0 [Note] InnoDB: Completed initialization of buffer pool
2022-11-18 17:56:48 0 [Note] InnoDB: Starting crash recovery from checkpoint LSN=307415
2022-11-18 17:56:48 0 [Note] InnoDB: 128 out of 128 rollback segments are active.
2022-11-18 17:56:48 0 [Note] InnoDB: Removed temporary tablespace data file: "ibtmp1"
2022-11-18 17:56:48 0 [Note] InnoDB: Creating shared tablespace for temporary tables
2022-11-18 17:56:48 0 [Note] InnoDB: Setting file 'C:\xampp\htdocs\seniorproject\database\ibtmp1' size to 12 MB. Physically writing the file full; Please wait ...
2022-11-18 17:56:48 0 [Note] InnoDB: File 'C:\xampp\htdocs\seniorproject\database\ibtmp1' size is now 12 MB.
2022-11-18 17:56:48 0 [Note] InnoDB: Waiting for purge to start
2022-11-18 17:56:48 0 [Note] InnoDB: 10.4.25 started; log sequence number 307424; transaction id 15
2022-11-18 17:56:48 0 [Note] InnoDB: Loading buffer pool(s) from C:\xampp\htdocs\seniorproject\database\ib_buffer_pool
2022-11-18 17:56:48 0 [Note] Plugin 'FEEDBACK' is disabled.
2022-11-18 17:56:48 0 [Note] InnoDB: Cannot open 'C:\xampp\htdocs\seniorproject\database\ib_buffer_pool' for reading: No such file or directory
2022-11-18 17:56:48 0 [Note] Server socket created on IP: '::'.
